android/app/build/intermediates/manifest_merge_blame_file/release/manifest-merger-blame-release-report.txt
1<?xml version="1.0" encoding="utf-8"?>
2<manifest xmlns:android="http://schemas.android.com/apk/res/android"
3    package="com.mariaignacia.moveclub"
4    android:versionCode="2"
5    android:versionName="1.0.0" >
6
7    <uses-sdk
8        android:minSdkVersion="24"
9        android:targetSdkVersion="35" />
10
11    <uses-permission android:name="android.permission.INTERNET" />
11-->src/main/AndroidManifest.xml:5:5-67
11-->src/main/AndroidManifest.xml:5:22-64
12    <uses-permission android:name="android.permission.ACCESS_NETWORK_STATE" />
12-->src/main/AndroidManifest.xml:6:5-79
12-->src/main/AndroidManifest.xml:6:22-76
13    <uses-permission android:name="android.permission.ACCESS_FINE_LOCATION" />
13-->src/main/AndroidManifest.xml:7:5-79
13-->src/main/AndroidManifest.xml:7:22-76
14    <uses-permission android:name="android.permission.ACCESS_COARSE_LOCATION" />
14-->src/main/AndroidManifest.xml:8:5-81
14-->src/main/AndroidManifest.xml:8:22-78
15    <uses-permission android:name="android.permission.CAMERA" />
15-->src/main/AndroidManifest.xml:9:5-65
15-->src/main/AndroidManifest.xml:9:22-62
16
17    <permission
17-->[androidx.core:core:1.12.0] AndroidManifest.xml:22:5-24:47
18        android:name="com.mariaignacia.moveclub.DYNAMIC_RECEIVER_NOT_EXPORTED_PERMISSION"
18-->[androidx.core:core:1.12.0] AndroidManifest.xml:23:9-81
19        android:protectionLevel="signature" />
19-->[androidx.core:core:1.12.0] AndroidManifest.xml:24:9-44
20
21    <uses-permission android:name="com.mariaignacia.moveclub.DYNAMIC_RECEIVER_NOT_EXPORTED_PERMISSION" />
21-->[androidx.core:core:1.12.0] AndroidManifest.xml:26:5-97
21-->[androidx.core:core:1.12.0] AndroidManifest.xml:26:22-94
22
23    <application
23-->src/main/AndroidManifest.xml:11:5-41:19
24        android:allowBackup="true"
24-->src/main/AndroidManifest.xml:12:9-35
25        android:appComponentFactory="androidx.core.app.CoreComponentFactory"
25-->[androidx.core:core:1.12.0] AndroidManifest.xml:28:18-86
26        android:extractNativeLibs="false"
27        android:icon="@mipmap/ic_launcher"
27-->src/main/AndroidManifest.xml:13:9-43
28        android:label="@string/app_name"
28-->src/main/AndroidManifest.xml:14:9-41
29        android:networkSecurityConfig="@xml/network_security_config"
29-->src/main/AndroidManifest.xml:18:9-69
30        android:roundIcon="@mipmap/ic_launcher_round"
30-->src/main/AndroidManifest.xml:15:9-54
31        android:supportsRtl="true"
31-->src/main/AndroidManifest.xml:16:9-35
32        android:theme="@style/Theme.MoveClub"
32-->src/main/AndroidManifest.xml:17:9-46
33        android:usesCleartextTraffic="true" >
33-->src/main/AndroidManifest.xml:19:9-44
34        <activity
34-->src/main/AndroidManifest.xml:21:9-40:20
35            android:name="com.mariaignacia.moveclub.MainActivity"
35-->src/main/AndroidManifest.xml:22:13-41
36            android:configChanges="orientation|screenSize|keyboardHidden"
36-->src/main/AndroidManifest.xml:24:13-74
37            android:exported="true"
37-->src/main/AndroidManifest.xml:23:13-36
38            android:screenOrientation="portrait"
38-->src/main/AndroidManifest.xml:26:13-49
39            android:theme="@style/Theme.MoveClub.NoActionBar"
39-->src/main/AndroidManifest.xml:27:13-62
40            android:windowSoftInputMode="adjustResize" >
40-->src/main/AndroidManifest.xml:25:13-55
41            <intent-filter>
41-->src/main/AndroidManifest.xml:28:13-31:29
42                <action android:name="android.intent.action.MAIN" />
42-->src/main/AndroidManifest.xml:29:17-69
42-->src/main/AndroidManifest.xml:29:25-66
43
44                <category android:name="android.intent.category.LAUNCHER" />
44-->src/main/AndroidManifest.xml:30:17-77
44-->src/main/AndroidManifest.xml:30:27-74
45            </intent-filter>
46
47            <!-- Deep Linking & Google Play App Links -->
48            <intent-filter android:autoVerify="true" >
48-->src/main/AndroidManifest.xml:34:13-39:29
48-->src/main/AndroidManifest.xml:34:28-53
49                <action android:name="android.intent.action.VIEW" />
49-->src/main/AndroidManifest.xml:35:17-69
49-->src/main/AndroidManifest.xml:35:25-66
50
51                <category android:name="android.intent.category.DEFAULT" />
51-->src/main/AndroidManifest.xml:36:17-76
51-->src/main/AndroidManifest.xml:36:27-73
52                <category android:name="android.intent.category.BROWSABLE" />
52-->src/main/AndroidManifest.xml:37:17-78
52-->src/main/AndroidManifest.xml:37:27-75
53
54                <data
54-->src/main/AndroidManifest.xml:38:17-90
55                    android:host="moveclube-app.onrender.com"
55-->src/main/AndroidManifest.xml:38:46-87
56                    android:scheme="https" />
56-->src/main/AndroidManifest.xml:38:23-45
57            </intent-filter>
58        </activity>
59
60        <provider
60-->[androidx.emoji2:emoji2:1.2.0] AndroidManifest.xml:24:9-32:20
61            android:name="androidx.startup.InitializationProvider"
61-->[androidx.emoji2:emoji2:1.2.0] AndroidManifest.xml:25:13-67
62            android:authorities="com.mariaignacia.moveclub.androidx-startup"
62-->[androidx.emoji2:emoji2:1.2.0] AndroidManifest.xml:26:13-68
63            android:exported="false" >
63-->[androidx.emoji2:emoji2:1.2.0] AndroidManifest.xml:27:13-37
64            <meta-data
64-->[androidx.emoji2:emoji2:1.2.0] AndroidManifest.xml:29:13-31:52
65                android:name="androidx.emoji2.text.EmojiCompatInitializer"
65-->[androidx.emoji2:emoji2:1.2.0] AndroidManifest.xml:30:17-75
66                android:value="androidx.startup" />
66-->[androidx.emoji2:emoji2:1.2.0] AndroidManifest.xml:31:17-49
67            <meta-data
67-->[androidx.lifecycle:lifecycle-process:2.6.1] AndroidManifest.xml:29:13-31:52
68                android:name="androidx.lifecycle.ProcessLifecycleInitializer"
68-->[androidx.lifecycle:lifecycle-process:2.6.1] AndroidManifest.xml:30:17-78
69                android:value="androidx.startup" />
69-->[androidx.lifecycle:lifecycle-process:2.6.1] AndroidManifest.xml:31:17-49
70            <meta-data
70-->[androidx.profileinstaller:profileinstaller:1.3.0] AndroidManifest.xml:29:13-31:52
71                android:name="androidx.profileinstaller.ProfileInstallerInitializer"
71-->[androidx.profileinstaller:profileinstaller:1.3.0] AndroidManifest.xml:30:17-85
72                android:value="androidx.startup" />
72-->[androidx.profileinstaller:profileinstaller:1.3.0] AndroidManifest.xml:31:17-49
73        </provider>
74
75        <receiver
75-->[androidx.profileinstaller:profileinstaller:1.3.0] AndroidManifest.xml:34:9-52:20
76            android:name="androidx.profileinstaller.ProfileInstallReceiver"
76-->[androidx.profileinstaller:profileinstaller:1.3.0] AndroidManifest.xml:35:13-76
77            android:directBootAware="false"
77-->[androidx.profileinstaller:profileinstaller:1.3.0] AndroidManifest.xml:36:13-44
78            android:enabled="true"
78-->[androidx.profileinstaller:profileinstaller:1.3.0] AndroidManifest.xml:37:13-35
79            android:exported="true"
79-->[androidx.profileinstaller:profileinstaller:1.3.0] AndroidManifest.xml:38:13-36
80            android:permission="android.permission.DUMP" >
80-->[androidx.profileinstaller:profileinstaller:1.3.0] AndroidManifest.xml:39:13-57
81            <intent-filter>
81-->[androidx.profileinstaller:profileinstaller:1.3.0] AndroidManifest.xml:40:13-42:29
82                <action android:name="androidx.profileinstaller.action.INSTALL_PROFILE" />
82-->[androidx.profileinstaller:profileinstaller:1.3.0] AndroidManifest.xml:41:17-91
82-->[androidx.profileinstaller:profileinstaller:1.3.0] AndroidManifest.xml:41:25-88
83            </intent-filter>
84            <intent-filter>
84-->[androidx.profileinstaller:profileinstaller:1.3.0] AndroidManifest.xml:43:13-45:29
85                <action android:name="androidx.profileinstaller.action.SKIP_FILE" />
85-->[androidx.profileinstaller:profileinstaller:1.3.0] AndroidManifest.xml:44:17-85
85-->[androidx.profileinstaller:profileinstaller:1.3.0] AndroidManifest.xml:44:25-82
86            </intent-filter>
87            <intent-filter>
87-->[androidx.profileinstaller:profileinstaller:1.3.0] AndroidManifest.xml:46:13-48:29
88                <action android:name="androidx.profileinstaller.action.SAVE_PROFILE" />
88-->[androidx.profileinstaller:profileinstaller:1.3.0] AndroidManifest.xml:47:17-88
88-->[androidx.profileinstaller:profileinstaller:1.3.0] AndroidManifest.xml:47:25-85
89            </intent-filter>
90            <intent-filter>
90-->[androidx.profileinstaller:profileinstaller:1.3.0] AndroidManifest.xml:49:13-51:29
91                <action android:name="androidx.profileinstaller.action.BENCHMARK_OPERATION" />
91-->[androidx.profileinstaller:profileinstaller:1.3.0] AndroidManifest.xml:50:17-95
91-->[androidx.profileinstaller:profileinstaller:1.3.0] AndroidManifest.xml:50:25-92
92            </intent-filter>
93        </receiver>
94    </application>
95
96</manifest>